<?xml version="1.0" encoding="UTF-8"?>
<!-- Generated by org.testng.reporters.JUnitXMLReporter -->
<testsuite ignored="2" hostname="LAPTOP-TTIULDMC" failures="0" tests="3" name="Test" time="492.352" errors="0" timestamp="2024-03-29T17:53:14 IST">
  <testcase classname="testpackage.Shoptest" name="shoptesting" time="41.883"/>
  <testcase classname="testpackage.Checkouttest" name="operation" time="80.905"/>
  <testcase classname="testpackage.Hometest" name="homepageTesting" time="215.972"/>
  <testcase classname="baseclasspkg.Baseurlclass" name="@AfterTest teardown" time="0.0">
    <ignored/>
  </testcase> <!-- @AfterTest teardown -->
  <testcase classname="baseclasspkg.Baseurlclass" name="@BeforeTest setUp" time="0.0">
    <ignored/>
  </testcase> <!-- @BeforeTest setUp -->
</testsuite> <!-- Test -->
